> Task :app:preBuild UP-TO-DATE
> Task :app:preDebugBuild UP-TO-DATE
> Task :app:mergeDebugNativeDebugMetadata NO-SOURCE
> Task :app:dataBindingMergeDependencyArtifactsDebug UP-TO-DATE
> Task :app:generateDebugResValues UP-TO-DATE
> Task :app:generateDebugResources UP-TO-DATE
> Task :app:processDebugGoogleServices UP-TO-DATE
> Task :app:mergeDebugResources UP-TO-DATE
> Task :app:packageDebugResources UP-TO-DATE
> Task :app:processDebugNavigationResources UP-TO-DATE
> Task :app:parseDebugLocalResources UP-TO-DATE
> Task :app:dataBindingGenBaseClassesDebug UP-TO-DATE
> Task :app:generateDebugBuildConfig UP-TO-DATE
> Task :app:javaPreCompileDebug UP-TO-DATE
> Task :app:checkDebugAarMetadata UP-TO-DATE
> Task :app:compileDebugNavigationResources UP-TO-DATE
> Task :app:mapDebugSourceSetPaths UP-TO-DATE
> Task :app:createDebugCompatibleScreenManifests UP-TO-DATE
> Task :app:extractDeepLinksDebug UP-TO-DATE
> Task :app:processDebugMainManifest UP-TO-DATE
> Task :app:processDebugManifest UP-TO-DATE
> Task :app:processDebugManifestForPackage UP-TO-DATE
> Task :app:processDebugResources UP-TO-DATE

> Task :app:compileDebugJavaWithJavac
C:\Users\ELhoussaine\AndroidStudioProjects\moresqplore\app\src\main\java\com\example\moresqplore\MainActivityOSM.java:211: error: cannot find symbol
        fabPriceComparison = findViewById(R.id.fabPriceComparison);
                                              ^
  symbol:   variable fabPriceComparison
  location: class id
Note: Some input files use or override a deprecated API.
Note: Recompile with -Xlint:deprecation for details.
Note: C:\Users\ELhoussaine\AndroidStudioProjects\moresqplore\app\src\main\java\com\example\moresqplore\data\repository\GeminiChatRepository.java uses unchecked or unsafe operations.
Note: Recompile with -Xlint:unchecked for details.
1 error

> Task :app:compileDebugJavaWithJavac FAILED

[Incubating] Problems report is available at: file:///C:/Users/ELhoussaine/AndroidStudioProjects/moresqplore/build/reports/problems/problems-report.html

FAILURE: Build failed with an exception.

* What went wrong:
Execution failed for task ':app:compileDebugJavaWithJavac'.
> Compilation failed; see the compiler output below.
  Note: Recompile with -Xlint:deprecation for details.
  Note: C:\Users\ELhoussaine\AndroidStudioProjects\moresqplore\app\src\main\java\com\example\moresqplore\data\repository\GeminiChatRepository.java uses unchecked or unsafe operations.
  C:\Users\ELhoussaine\AndroidStudioProjects\moresqplore\app\src\main\java\com\example\moresqplore\MainActivityOSM.java:211: error: cannot find symbol
          fabPriceComparison = findViewById(R.id.fabPriceComparison);
                                                ^
    symbol:   variable fabPriceComparison
    location: class id
  Note: Recompile with -Xlint:unchecked for details.
  Note: Some input files use or override a deprecated API.
  1 error

* Try:
> Check your code and dependencies to fix the compilation error(s)
> Run with --scan to get full insights.

BUILD FAILED in 10s
21 actionable tasks: 1 executed, 20 up-to-date
